Arguments: 
  /home/rens/.nvm/versions/node/v14.17.3/bin/node /mnt/c/Users/goeie/AppData/Roaming/npm/node_modules/yarn/bin/yarn.js start

PATH: 
  /home/rens/code/stock-app/node_modules/.bin:/home/rens/code/node_modules/.bin:/home/rens/node_modules/.bin:/home/node_modules/.bin:/node_modules/.bin:/home/rens/.nvm/versions/node/v14.17.3/lib/node_modules/npm/node_modules/@npmcli/run-script/lib/node-gyp-bin:/home/rens/.npm/_npx/5f7878ce38f1eb13/node_modules/.bin:/home/rens/.nvm/versions/node/v14.17.3/bin:/home/rens/.vscode-server/bin/dfd34e8260c270da74b5c2d86d61aee4b6d56977/bin/remote-cli:/home/rens/.cargo/bin:/usr/local/sbin:/usr/local/bin:/usr/sbin:/usr/bin:/sbin:/bin:/usr/games:/usr/local/games:/usr/lib/wsl/lib:/mnt/c/WINDOWS/system32:/mnt/c/WINDOWS:/mnt/c/WINDOWS/System32/Wbem:/mnt/c/WINDOWS/System32/WindowsPowerShell/v1.0/:/mnt/c/WINDOWS/System32/OpenSSH/:/mnt/c/Program Files/nodejs/:/mnt/c/Program Files/dotnet/:/mnt/c/Program Files (x86)/dotnet/:/mnt/c/Program Files/Docker/Docker/resources/bin:/mnt/c/ProgramData/DockerDesktop/version-bin:/mnt/c/Users/goeie/AppData/Local/Programs/Python/Launcher/:/mnt/c/Users/goeie/AppData/Local/Microsoft/WindowsApps:/mnt/c/Users/goeie/AppData/Local/Programs/Microsoft VS Code/bin:/mnt/c/Users/goeie/AppData/Local/atom/bin:/mnt/c/Users/goeie/AppData/Roaming/npm:/mnt/c/Users/goeie/AppData/Local/Programs/Git/cmd:/mnt/c/Users/goeie/AppData/Local/hyper/app-3.0.2/resources/bin:/mnt/c/Users/goeie/AppData/Local/Microsoft/WindowsApps:/mnt/c/ProgramData/chocoportable/bin:/mnt/c/tools/neovim/Neovim/bin:/mnt/c/Users/goeie/spicetify-cli:/mnt/c/Users/goeie/.dotnet/tools:/usr/local/go-1.16/bin:/home/rens/projects/go/bin

Yarn version: 
  1.22.10

Node version: 
  14.17.3

Platform: 
  linux x64

Trace: 
  SyntaxError: /home/rens/code/stock-app/package.json: Unexpected token n in JSON at position 169
      at JSON.parse (<anonymous>)
      at /mnt/c/Users/goeie/AppData/Roaming/npm/node_modules/yarn/lib/cli.js:1625:59
      at Generator.next (<anonymous>)
      at step (/mnt/c/Users/goeie/AppData/Roaming/npm/node_modules/yarn/lib/cli.js:310:30)
      at /mnt/c/Users/goeie/AppData/Roaming/npm/node_modules/yarn/lib/cli.js:321:13

npm manifest: 
  {
    "name": "stock-app",
    "version": "1.0.0",
    "description": "a stock app",
    "scripts": {
      "dev": "next",
      "build": "next build",
      "start": "pm2 start npm "next" -- run dev",
      "test": "jest",
      "test-watch": "jest --watchAll",
      "cy:open": "cypress open",
      "cy:run": "cypress run --headless",
      "lint": "next lint",
      "lint-fix": "npx eslint --ext .ts,.tsx ./ --fix",
      "prepare": "husky install",
      "storybook": "start-storybook -p 6006",
      "build-storybook": "build-storybook"
    },
    "keywords": [],
    "author": "Rens Gerritsen",
    "license": "",
    "dependencies": {
      "@headlessui/react": "^1.5.0",
      "@heroicons/react": "^1.0.5",
      "@next-auth/prisma-adapter": "^1.0.1",
      "@prisma/client": "^3.10.0",
      "alphavantage": "^2.3.0",
      "axios": "^0.26.1",
      "pm2": "^5.2.0",
      "cloudinary": "^1.29.0",
      "framer-motion": "^6.3.1",
      "lightweight-charts": "^3.8.0",
      "newsapi": "^2.4.1",
      "next": "12.1.0",
      "next-auth": "^4.2.1",
      "nextjs-progressbar": "^0.0.14",
      "pure-react-carousel": "^1.28.1",
      "react": "17.0.2",
      "react-dom": "17.0.2",
      "react-images-uploading": "^3.1.3",
      "react-query": "^3.34.19",
      "react-toastify": "^8.2.0"
    },
    "devDependencies": {
      "@babel/core": "^7.17.9",
      "@storybook/addon-actions": "^6.4.21",
      "@storybook/addon-essentials": "^6.4.21",
      "@storybook/addon-interactions": "^6.4.21",
      "@storybook/addon-links": "^6.4.21",
      "@storybook/addon-postcss": "^2.0.0",
      "@storybook/react": "^6.4.21",
      "@storybook/testing-library": "^0.0.9",
      "@testing-library/jest-dom": "^5.16.3",
      "@testing-library/react": "^13.0.0",
      "@types/node": "^15.14.0",
      "@types/react": "17.0.38",
      "@typescript-eslint/eslint-plugin": "^5.17.0",
      "@typescript-eslint/parser": "^5.17.0",
      "babel-loader": "^8.2.4",
      "cypress": "^9.5.3",
      "eslint": "^8.12.0",
      "eslint-config-airbnb": "^19.0.4",
      "eslint-plugin-cypress": "^2.12.1",
      "eslint-plugin-import": "^2.25.4",
      "eslint-plugin-jsx-a11y": "^6.5.1",
      "eslint-plugin-next": "^0.0.0",
      "eslint-plugin-only-warn": "^1.0.3",
      "eslint-plugin-react": "^7.29.4",
      "eslint-plugin-react-hooks": "^4.4.0",
      "eslint-plugin-storybook": "^0.5.8",
      "husky": "^7.0.4",
      "jest": "^27.5.1",
      "lint-staged": "^12.3.7",
      "postcss": "^8.4.6",
      "prettier": "^2.6.2",
      "prisma": "^3.10.0",
      "tailwindcss": "^3.0.23",
      "ts-jest": "^27.1.4",
      "ts-node": "^10.7.0",
      "typescript": "4.5.5"
    },
    "lint-staged": {
      "*{.ts,.tsx}": "eslint --cache --fix",
      "*.{ts,tsx,md,mdx}": "prettier --write"
    },
    "exports": {
      ".": {
        "import": "./build/release.js",
        "types": "./build/release.d.ts"
      }
    }
  }

yarn manifest: 
  No manifest

Lockfile: 
  No lockfile
